WARNING: A terminally deprecated method in sun.misc.Unsafe has been called
WARNING: sun.misc.Unsafe::staticFieldBase has been called by com.google.inject.internal.aop.HiddenClassDefiner (file:/opt/homebrew/Cellar/maven/3.9.10/libexec/lib/guice-5.1.0-classes.jar)
WARNING: Please consider reporting this to the maintainers of class com.google.inject.internal.aop.HiddenClassDefiner
WARNING: sun.misc.Unsafe::staticFieldBase will be removed in a future release
[INFO] Scanning for projects...
[INFO] 
[INFO] --------------------< com.example:Frontend_Service >--------------------
[INFO] Building Frontend_Service 1.0-SNAPSHOT
[INFO]   from pom.xml
[INFO] --------------------------------[ jar ]---------------------------------
[INFO] 
[INFO] >>> spring-boot:2.7.0:run (default-cli) > test-compile @ Frontend_Service >>>
[WARNING] 1 problem was encountered while building the effective model for org.javassist:javassist:jar:3.20.0-GA during dependency collection step for project (use -X to see details)
[INFO] 
[INFO] --- jacoco:0.8.11:prepare-agent (default) @ Frontend_Service ---
[INFO] argLine set to -javaagent:/Users/ivannovikov/.m2/repository/org/jacoco/org.jacoco.agent/0.8.11/org.jacoco.agent-0.8.11-runtime.jar=destfile=/Users/ivannovikov/Desktop/SD/SD_big_HW_3/Frontend_Service/target/jacoco.exec
[INFO] 
[INFO] --- resources:3.2.0:resources (default-resources) @ Frontend_Service ---
[INFO] Using 'UTF-8' encoding to copy filtered resources.
[INFO] Using 'UTF-8' encoding to copy filtered properties files.
[INFO] Copying 1 resource
[INFO] Copying 6 resources
[INFO] 
[INFO] --- compiler:3.10.1:compile (default-compile) @ Frontend_Service ---
[INFO] Nothing to compile - all classes are up to date
[INFO] 
[INFO] --- resources:3.2.0:testResources (default-testResources) @ Frontend_Service ---
[INFO] Using 'UTF-8' encoding to copy filtered resources.
[INFO] Using 'UTF-8' encoding to copy filtered properties files.
[INFO] skip non existing resourceDirectory /Users/ivannovikov/Desktop/SD/SD_big_HW_3/Frontend_Service/src/test/resources
[INFO] 
[INFO] --- compiler:3.10.1:testCompile (default-testCompile) @ Frontend_Service ---
[INFO] Nothing to compile - all classes are up to date
[INFO] 
[INFO] <<< spring-boot:2.7.0:run (default-cli) < test-compile @ Frontend_Service <<<
[INFO] 
[INFO] 
[INFO] --- spring-boot:2.7.0:run (default-cli) @ Frontend_Service ---
[INFO] Attaching agents: []

  .   ____          _            __ _ _
 /\\ / ___'_ __ _ _(_)_ __  __ _ \ \ \ \
( ( )\___ | '_ | '_| | '_ \/ _` | \ \ \ \
 \\/  ___)| |_)| | | | | || (_| |  ) ) ) )
  '  |____| .__|_| |_|_| |_\__, | / / / /
 =========|_|==============|___/=/_/_/_/
[32m :: Spring Boot :: [39m              [2m (v2.7.0)[0;39m

[2m2025-06-15 17:49:25.418[0;39m [32m INFO[0;39m [35m51479[0;39m [2m---[0;39m [2m[           main][0;39m [36mc.example.frontend.FrontendApplication  [0;39m [2m:[0;39m Starting FrontendApplication using Java 24.0.1 on Ivans-MacBook-Pro.local with PID 51479 (/Users/ivannovikov/Desktop/SD/SD_big_HW_3/Frontend_Service/target/classes started by ivannovikov in /Users/ivannovikov/Desktop/SD/SD_big_HW_3/Frontend_Service)
[2m2025-06-15 17:49:25.420[0;39m [32m INFO[0;39m [35m51479[0;39m [2m---[0;39m [2m[           main][0;39m [36mc.example.frontend.FrontendApplication  [0;39m [2m:[0;39m No active profile set, falling back to 1 default profile: "default"
WARNING: A restricted method in java.lang.System has been called
WARNING: java.lang.System::load has been called by org.apache.tomcat.jni.Library in an unnamed module (file:/Users/ivannovikov/.m2/repository/org/apache/tomcat/embed/tomcat-embed-core/9.0.63/tomcat-embed-core-9.0.63.jar)
WARNING: Use --enable-native-access=ALL-UNNAMED to avoid a warning for callers in this module
WARNING: Restricted methods will be blocked in a future release unless native access is enabled

[2m2025-06-15 17:49:25.820[0;39m [32m INFO[0;39m [35m51479[0;39m [2m---[0;39m [2m[           main][0;39m [36mo.s.b.w.embedded.tomcat.TomcatWebServer [0;39m [2m:[0;39m Tomcat initialized with port(s): 8083 (http)
[2m2025-06-15 17:49:25.825[0;39m [32m INFO[0;39m [35m51479[0;39m [2m---[0;39m [2m[           main][0;39m [36mo.apache.catalina.core.StandardService  [0;39m [2m:[0;39m Starting service [Tomcat]
[2m2025-06-15 17:49:25.825[0;39m [32m INFO[0;39m [35m51479[0;39m [2m---[0;39m [2m[           main][0;39m [36morg.apache.catalina.core.StandardEngine [0;39m [2m:[0;39m Starting Servlet engine: [Apache Tomcat/9.0.63]
[2m2025-06-15 17:49:25.874[0;39m [32m INFO[0;39m [35m51479[0;39m [2m---[0;39m [2m[           main][0;39m [36mo.a.c.c.C.[Tomcat].[localhost].[/]      [0;39m [2m:[0;39m Initializing Spring embedded WebApplicationContext
[2m2025-06-15 17:49:25.874[0;39m [32m INFO[0;39m [35m51479[0;39m [2m---[0;39m [2m[           main][0;39m [36mw.s.c.ServletWebServerApplicationContext[0;39m [2m:[0;39m Root WebApplicationContext: initialization completed in 429 ms
[2m2025-06-15 17:49:26.001[0;39m [32m INFO[0;39m [35m51479[0;39m [2m---[0;39m [2m[           main][0;39m [36mo.s.b.a.w.s.WelcomePageHandlerMapping   [0;39m [2m:[0;39m Adding welcome page template: index
[2m2025-06-15 17:49:26.040[0;39m [33m WARN[0;39m [35m51479[0;39m [2m---[0;39m [2m[           main][0;39m [36morg.thymeleaf.templatemode.TemplateMode [0;39m [2m:[0;39m [THYMELEAF][main] Unknown Template Mode 'HTML '. Must be one of: 'HTML', 'XML', 'TEXT', 'JAVASCRIPT', 'CSS', 'RAW'. Using default Template Mode 'HTML'.
[2m2025-06-15 17:49:26.062[0;39m [32m INFO[0;39m [35m51479[0;39m [2m---[0;39m [2m[           main][0;39m [36mo.s.b.w.embedded.tomcat.TomcatWebServer [0;39m [2m:[0;39m Tomcat started on port(s): 8083 (http) with context path ''
[2m2025-06-15 17:49:26.062[0;39m [32m INFO[0;39m [35m51479[0;39m [2m---[0;39m [2m[           main][0;39m [36mo.s.m.s.b.SimpleBrokerMessageHandler    [0;39m [2m:[0;39m Starting...
[2m2025-06-15 17:49:26.062[0;39m [32m INFO[0;39m [35m51479[0;39m [2m---[0;39m [2m[           main][0;39m [36mo.s.m.s.b.SimpleBrokerMessageHandler    [0;39m [2m:[0;39m BrokerAvailabilityEvent[available=true, SimpleBrokerMessageHandler [org.springframework.messaging.simp.broker.DefaultSubscriptionRegistry@5793b87]]
[2m2025-06-15 17:49:26.062[0;39m [32m INFO[0;39m [35m51479[0;39m [2m---[0;39m [2m[           main][0;39m [36mo.s.m.s.b.SimpleBrokerMessageHandler    [0;39m [2m:[0;39m Started.
[2m2025-06-15 17:49:26.066[0;39m [32m INFO[0;39m [35m51479[0;39m [2m---[0;39m [2m[           main][0;39m [36mc.example.frontend.FrontendApplication  [0;39m [2m:[0;39m Started FrontendApplication in 0.797 seconds (JVM running for 0.931)
[2m2025-06-15 17:50:25.951[0;39m [32m INFO[0;39m [35m51479[0;39m [2m---[0;39m [2m[MessageBroker-1][0;39m [36mo.s.w.s.c.WebSocketMessageBrokerStats   [0;39m [2m:[0;39m WebSocketSession[0 current WS(0)-HttpStream(0)-HttpPoll(0), 0 total, 0 closed abnormally (0 connect failure, 0 send limit, 0 transport error)], stompSubProtocol[processed CONNECT(0)-CONNECTED(0)-DISCONNECT(0)], stompBrokerRelay[null], inboundChannel[pool size = 0, active threads = 0, queued tasks = 0, completed tasks = 0], outboundChannel[pool size = 0, active threads = 0, queued tasks = 0, completed tasks = 0], sockJsScheduler[pool size = 1, active threads = 1, queued tasks = 0, completed tasks = 0]
[2m2025-06-15 17:53:37.666[0;39m [32m INFO[0;39m [35m51479[0;39m [2m---[0;39m [2m[nio-8083-exec-2][0;39m [36mo.a.c.c.C.[Tomcat].[localhost].[/]      [0;39m [2m:[0;39m Initializing Spring DispatcherServlet 'dispatcherServlet'
[2m2025-06-15 17:53:37.666[0;39m [32m INFO[0;39m [35m51479[0;39m [2m---[0;39m [2m[nio-8083-exec-2][0;39m [36mo.s.web.servlet.DispatcherServlet       [0;39m [2m:[0;39m Initializing Servlet 'dispatcherServlet'
[2m2025-06-15 17:53:37.667[0;39m [32m INFO[0;39m [35m51479[0;39m [2m---[0;39m [2m[nio-8083-exec-2][0;39m [36mo.s.web.servlet.DispatcherServlet       [0;39m [2m:[0;39m Completed initialization in 0 ms
[2m2025-06-15 18:20:25.970[0;39m [32m INFO[0;39m [35m51479[0;39m [2m---[0;39m [2m[MessageBroker-1][0;39m [36mo.s.w.s.c.WebSocketMessageBrokerStats   [0;39m [2m:[0;39m WebSocketSession[0 current WS(0)-HttpStream(0)-HttpPoll(0), 0 total, 0 closed abnormally (0 connect failure, 0 send limit, 0 transport error)], stompSubProtocol[processed CONNECT(0)-CONNECTED(0)-DISCONNECT(0)], stompBrokerRelay[null], inboundChannel[pool size = 0, active threads = 0, queued tasks = 0, completed tasks = 0], outboundChannel[pool size = 0, active threads = 0, queued tasks = 0, completed tasks = 0], sockJsScheduler[pool size = 2, active threads = 1, queued tasks = 0, completed tasks = 1]
