WARNING: A terminally deprecated method in sun.misc.Unsafe has been called
WARNING: sun.misc.Unsafe::staticFieldBase has been called by com.google.inject.internal.aop.HiddenClassDefiner (file:/opt/homebrew/Cellar/maven/3.9.10/libexec/lib/guice-5.1.0-classes.jar)
WARNING: Please consider reporting this to the maintainers of class com.google.inject.internal.aop.HiddenClassDefiner
WARNING: sun.misc.Unsafe::staticFieldBase will be removed in a future release
[INFO] Scanning for projects...
[INFO] 
[INFO] ----------------------< com.example:API_Gateway >-----------------------
[INFO] Building API_Gateway 1.0-SNAPSHOT
[INFO]   from pom.xml
[INFO] --------------------------------[ jar ]---------------------------------
[INFO] 
[INFO] --- clean:3.2.0:clean (default-clean) @ API_Gateway ---
[INFO] Deleting /Users/ivannovikov/Desktop/SD/SD_big_HW_3/API_Gateway/target
[INFO] 
[INFO] --- jacoco:0.8.11:prepare-agent (default) @ API_Gateway ---
[INFO] argLine set to -javaagent:/Users/ivannovikov/.m2/repository/org/jacoco/org.jacoco.agent/0.8.11/org.jacoco.agent-0.8.11-runtime.jar=destfile=/Users/ivannovikov/Desktop/SD/SD_big_HW_3/API_Gateway/target/jacoco.exec
[INFO] 
[INFO] --- resources:3.3.1:resources (default-resources) @ API_Gateway ---
[WARNING] Using platform encoding (UTF-8 actually) to copy filtered resources, i.e. build is platform dependent!
[INFO] Copying 1 resource from src/main/resources to target/classes
[INFO] 
[INFO] --- compiler:3.13.0:compile (default-compile) @ API_Gateway ---
[INFO] Recompiling the module because of changed source code.
[WARNING] File encoding has not been set, using platform encoding UTF-8, i.e. build is platform dependent!
[INFO] Compiling 2 source files with javac [debug target 1.8] to target/classes
[WARNING] bootstrap class path is not set in conjunction with -source 8
  not setting the bootstrap class path may lead to class files that cannot run on JDK 8
    --release 8 is recommended instead of -source 8 -target 1.8 because it sets the bootstrap class path automatically
[WARNING] source value 8 is obsolete and will be removed in a future release
[WARNING] target value 8 is obsolete and will be removed in a future release
[WARNING] To suppress warnings about obsolete options, use -Xlint:-options.
[INFO] 
[INFO] --- exec:3.5.1:java (default-cli) @ API_Gateway ---
API Gateway is starting on port 8080
[Thread-2] INFO org.eclipse.jetty.util.log - Logging initialized @1999ms to org.eclipse.jetty.util.log.Slf4jLog
[Thread-2] INFO spark.embeddedserver.jetty.EmbeddedJettyServer - == Spark has ignited ...
[Thread-2] INFO spark.embeddedserver.jetty.EmbeddedJettyServer - >> Listening on 0.0.0.0:8080
[Thread-2] INFO org.eclipse.jetty.server.Server - jetty-9.4.48.v20220622; built: 2022-06-21T20:42:25.880Z; git: 6b67c5719d1f4371b33655ff2d047d24e171e49a; jvm 24.0.1
[Thread-2] INFO org.eclipse.jetty.server.session - DefaultSessionIdManager workerName=node0
[Thread-2] INFO org.eclipse.jetty.server.session - No SessionScavenger set, using defaults
[Thread-2] INFO org.eclipse.jetty.server.session - node0 Scavenging every 660000ms
[Thread-2] INFO org.eclipse.jetty.server.AbstractConnector - Started ServerConnector@43452834{HTTP/1.1, (http/1.1)}{0.0.0.0:8080}
[Thread-2] INFO org.eclipse.jetty.server.Server - Started @2055ms
API Gateway is ready at http://localhost:8080/docs
